2015-09-27 13:36:28,724 [Start Help Server] INFO  org.eclipse.jetty.server.Server - jetty-8.1.16.v20140903
2015-09-27 13:36:28,803 [Start Help Server] INFO  o.e.jetty.server.AbstractConnector - Started SelectChannelConnector@127.0.0.1:50486
2015-09-27 14:23:22,222 [Stop Help Server] INFO  o.e.j.server.handler.ContextHandler - stopped o.e.j.s.ServletContextHandler{/help,null}
2015-09-28 00:07:56,826 [main] WARN  o.e.r.c.r.p.ProcessableProposalFactory - Unknown JDT proposal type 'class org.eclipse.jdt.internal.ui.text.javadoc.JavadocInlineTagCompletionProposal' ('{@linkplain}'). Returning original proposal instead.
2015-09-28 00:07:56,856 [main] WARN  o.e.r.c.r.p.ProcessableProposalFactory - Unknown JDT proposal type 'class org.eclipse.jdt.internal.ui.text.javadoc.JavadocInlineTagCompletionProposal' ('{@value}'). Returning original proposal instead.
2015-09-28 00:07:56,857 [main] WARN  o.e.r.c.r.p.ProcessableProposalFactory - Unknown JDT proposal type 'class org.eclipse.jdt.internal.ui.text.java.LazyJavaCompletionProposal' ('@category'). Returning original proposal instead.
2015-09-28 00:07:56,858 [main] WARN  o.e.r.c.r.p.ProcessableProposalFactory - Unknown JDT proposal type 'class org.eclipse.jdt.internal.ui.text.java.LazyJavaCompletionProposal' ('@throws'). Returning original proposal instead.
2015-09-28 00:07:56,859 [main] WARN  o.e.r.c.r.p.ProcessableProposalFactory - Unknown JDT proposal type 'class org.eclipse.jdt.internal.ui.text.java.LazyJavaCompletionProposal' ('@since'). Returning original proposal instead.
2015-09-28 00:07:56,860 [main] WARN  o.e.r.c.r.p.ProcessableProposalFactory - Unknown JDT proposal type 'class org.eclipse.jdt.internal.ui.text.javadoc.JavadocInlineTagCompletionProposal' ('{@code}'). Returning original proposal instead.
2015-09-28 00:07:56,862 [main] WARN  o.e.r.c.r.p.ProcessableProposalFactory - Unknown JDT proposal type 'class org.eclipse.jdt.internal.ui.text.java.LazyJavaCompletionProposal' ('@serialData'). Returning original proposal instead.
2015-09-28 00:07:56,863 [main] WARN  o.e.r.c.r.p.ProcessableProposalFactory - Unknown JDT proposal type 'class org.eclipse.jdt.internal.ui.text.java.LazyJavaCompletionProposal' ('@return'). Returning original proposal instead.
2015-09-28 00:07:56,865 [main] WARN  o.e.r.c.r.p.ProcessableProposalFactory - Unknown JDT proposal type 'class org.eclipse.jdt.internal.ui.text.javadoc.JavadocInlineTagCompletionProposal' ('{@inheritDoc}'). Returning original proposal instead.
2015-09-28 00:07:56,866 [main] WARN  o.e.r.c.r.p.ProcessableProposalFactory - Unknown JDT proposal type 'class org.eclipse.jdt.internal.ui.text.javadoc.JavadocInlineTagCompletionProposal' ('{@docRoot}'). Returning original proposal instead.
2015-09-28 00:07:56,867 [main] WARN  o.e.r.c.r.p.ProcessableProposalFactory - Unknown JDT proposal type 'class org.eclipse.jdt.internal.ui.text.java.LazyJavaCompletionProposal' ('@param'). Returning original proposal instead.
2015-09-28 00:07:56,869 [main] WARN  o.e.r.c.r.p.ProcessableProposalFactory - Unknown JDT proposal type 'class org.eclipse.jdt.internal.ui.text.javadoc.JavadocInlineTagCompletionProposal' ('{@link}'). Returning original proposal instead.
2015-09-28 00:07:56,870 [main] WARN  o.e.r.c.r.p.ProcessableProposalFactory - Unknown JDT proposal type 'class org.eclipse.jdt.internal.ui.text.javadoc.JavadocInlineTagCompletionProposal' ('{@literal}'). Returning original proposal instead.
2015-09-28 00:07:56,871 [main] WARN  o.e.r.c.r.p.ProcessableProposalFactory - Unknown JDT proposal type 'class org.eclipse.jdt.internal.ui.text.java.LazyJavaCompletionProposal' ('@deprecated'). Returning original proposal instead.
2015-09-28 00:07:56,873 [main] WARN  o.e.r.c.r.p.ProcessableProposalFactory - Unknown JDT proposal type 'class org.eclipse.jdt.internal.ui.text.java.LazyJavaCompletionProposal' ('@exception'). Returning original proposal instead.
2015-09-28 00:07:56,876 [main] WARN  o.e.r.c.r.p.ProcessableProposalFactory - Unknown JDT proposal type 'class org.eclipse.jdt.internal.ui.text.java.LazyJavaCompletionProposal' ('@see'). Returning original proposal instead.
2015-09-28 00:37:22,849 [main] WARN  o.e.r.c.r.p.ProcessableProposalFactory - Unknown JDT proposal type 'class org.eclipse.jdt.internal.ui.text.java.LazyJavaCompletionProposal' ('@param'). Returning original proposal instead.
2015-09-28 00:37:23,223 [main] WARN  o.e.r.c.r.p.ProcessableProposalFactory - Unknown JDT proposal type 'class org.eclipse.jdt.internal.ui.text.java.LazyJavaCompletionProposal' ('@since'). Returning original proposal instead.
2015-09-28 00:37:23,224 [main] WARN  o.e.r.c.r.p.ProcessableProposalFactory - Unknown JDT proposal type 'class org.eclipse.jdt.internal.ui.text.java.LazyJavaCompletionProposal' ('@category'). Returning original proposal instead.
2015-09-28 00:37:23,226 [main] WARN  o.e.r.c.r.p.ProcessableProposalFactory - Unknown JDT proposal type 'class org.eclipse.jdt.internal.ui.text.java.LazyJavaCompletionProposal' ('@throws'). Returning original proposal instead.
2015-09-28 00:37:23,227 [main] WARN  o.e.r.c.r.p.ProcessableProposalFactory - Unknown JDT proposal type 'class org.eclipse.jdt.internal.ui.text.javadoc.JavadocInlineTagCompletionProposal' ('{@docRoot}'). Returning original proposal instead.
2015-09-28 00:37:23,228 [main] WARN  o.e.r.c.r.p.ProcessableProposalFactory - Unknown JDT proposal type 'class org.eclipse.jdt.internal.ui.text.java.LazyJavaCompletionProposal' ('@see'). Returning original proposal instead.
2015-09-28 00:37:23,229 [main] WARN  o.e.r.c.r.p.ProcessableProposalFactory - Unknown JDT proposal type 'class org.eclipse.jdt.internal.ui.text.javadoc.JavadocInlineTagCompletionProposal' ('{@literal}'). Returning original proposal instead.
2015-09-28 00:37:23,230 [main] WARN  o.e.r.c.r.p.ProcessableProposalFactory - Unknown JDT proposal type 'class org.eclipse.jdt.internal.ui.text.javadoc.JavadocInlineTagCompletionProposal' ('{@linkplain}'). Returning original proposal instead.
2015-09-28 00:37:23,231 [main] WARN  o.e.r.c.r.p.ProcessableProposalFactory - Unknown JDT proposal type 'class org.eclipse.jdt.internal.ui.text.java.LazyJavaCompletionProposal' ('@deprecated'). Returning original proposal instead.
2015-09-28 00:37:23,232 [main] WARN  o.e.r.c.r.p.ProcessableProposalFactory - Unknown JDT proposal type 'class org.eclipse.jdt.internal.ui.text.javadoc.JavadocInlineTagCompletionProposal' ('{@inheritDoc}'). Returning original proposal instead.
2015-09-28 00:37:23,235 [main] WARN  o.e.r.c.r.p.ProcessableProposalFactory - Unknown JDT proposal type 'class org.eclipse.jdt.internal.ui.text.java.LazyJavaCompletionProposal' ('@exception'). Returning original proposal instead.
2015-09-28 00:37:23,236 [main] WARN  o.e.r.c.r.p.ProcessableProposalFactory - Unknown JDT proposal type 'class org.eclipse.jdt.internal.ui.text.javadoc.JavadocInlineTagCompletionProposal' ('{@value}'). Returning original proposal instead.
2015-09-28 00:37:23,237 [main] WARN  o.e.r.c.r.p.ProcessableProposalFactory - Unknown JDT proposal type 'class org.eclipse.jdt.internal.ui.text.javadoc.JavadocInlineTagCompletionProposal' ('{@code}'). Returning original proposal instead.
2015-09-28 00:37:23,238 [main] WARN  o.e.r.c.r.p.ProcessableProposalFactory - Unknown JDT proposal type 'class org.eclipse.jdt.internal.ui.text.java.LazyJavaCompletionProposal' ('@return'). Returning original proposal instead.
2015-09-28 00:37:23,239 [main] WARN  o.e.r.c.r.p.ProcessableProposalFactory - Unknown JDT proposal type 'class org.eclipse.jdt.internal.ui.text.javadoc.JavadocInlineTagCompletionProposal' ('{@link}'). Returning original proposal instead.
2015-09-28 00:37:23,240 [main] WARN  o.e.r.c.r.p.ProcessableProposalFactory - Unknown JDT proposal type 'class org.eclipse.jdt.internal.ui.text.java.LazyJavaCompletionProposal' ('@serialData'). Returning original proposal instead.
2015-09-28 00:39:34,030 [main] WARN  o.e.r.c.r.p.ProcessableProposalFactory - Unknown JDT proposal type 'class org.eclipse.jdt.internal.ui.text.java.LazyJavaCompletionProposal' ('@return'). Returning original proposal instead.
2015-09-28 00:39:34,030 [main] WARN  o.e.r.c.r.p.ProcessableProposalFactory - Unknown JDT proposal type 'class org.eclipse.jdt.internal.ui.text.javadoc.JavadocInlineTagCompletionProposal' ('{@linkplain}'). Returning original proposal instead.
2015-09-28 00:39:34,032 [main] WARN  o.e.r.c.r.p.ProcessableProposalFactory - Unknown JDT proposal type 'class org.eclipse.jdt.internal.ui.text.javadoc.JavadocInlineTagCompletionProposal' ('{@inheritDoc}'). Returning original proposal instead.
2015-09-28 00:39:34,034 [main] WARN  o.e.r.c.r.p.ProcessableProposalFactory - Unknown JDT proposal type 'class org.eclipse.jdt.internal.ui.text.javadoc.JavadocInlineTagCompletionProposal' ('{@value}'). Returning original proposal instead.
2015-09-28 00:39:34,035 [main] WARN  o.e.r.c.r.p.ProcessableProposalFactory - Unknown JDT proposal type 'class org.eclipse.jdt.internal.ui.text.java.LazyJavaCompletionProposal' ('@since'). Returning original proposal instead.
2015-09-28 00:39:34,036 [main] WARN  o.e.r.c.r.p.ProcessableProposalFactory - Unknown JDT proposal type 'class org.eclipse.jdt.internal.ui.text.java.LazyJavaCompletionProposal' ('@throws'). Returning original proposal instead.
2015-09-28 00:39:34,041 [main] WARN  o.e.r.c.r.p.ProcessableProposalFactory - Unknown JDT proposal type 'class org.eclipse.jdt.internal.ui.text.java.LazyJavaCompletionProposal' ('@param'). Returning original proposal instead.
2015-09-28 00:39:34,397 [main] WARN  o.e.r.c.r.p.ProcessableProposalFactory - Unknown JDT proposal type 'class org.eclipse.jdt.internal.ui.text.javadoc.JavadocInlineTagCompletionProposal' ('{@docRoot}'). Returning original proposal instead.
2015-09-28 00:39:34,398 [main] WARN  o.e.r.c.r.p.ProcessableProposalFactory - Unknown JDT proposal type 'class org.eclipse.jdt.internal.ui.text.javadoc.JavadocInlineTagCompletionProposal' ('{@link}'). Returning original proposal instead.
2015-09-28 00:39:34,399 [main] WARN  o.e.r.c.r.p.ProcessableProposalFactory - Unknown JDT proposal type 'class org.eclipse.jdt.internal.ui.text.java.LazyJavaCompletionProposal' ('@see'). Returning original proposal instead.
2015-09-28 00:39:34,400 [main] WARN  o.e.r.c.r.p.ProcessableProposalFactory - Unknown JDT proposal type 'class org.eclipse.jdt.internal.ui.text.java.LazyJavaCompletionProposal' ('@category'). Returning original proposal instead.
2015-09-28 00:39:34,401 [main] WARN  o.e.r.c.r.p.ProcessableProposalFactory - Unknown JDT proposal type 'class org.eclipse.jdt.internal.ui.text.java.LazyJavaCompletionProposal' ('@exception'). Returning original proposal instead.
2015-09-28 00:39:34,402 [main] WARN  o.e.r.c.r.p.ProcessableProposalFactory - Unknown JDT proposal type 'class org.eclipse.jdt.internal.ui.text.java.LazyJavaCompletionProposal' ('@serialData'). Returning original proposal instead.
2015-09-28 00:39:34,403 [main] WARN  o.e.r.c.r.p.ProcessableProposalFactory - Unknown JDT proposal type 'class org.eclipse.jdt.internal.ui.text.java.LazyJavaCompletionProposal' ('@deprecated'). Returning original proposal instead.
2015-09-28 00:39:34,404 [main] WARN  o.e.r.c.r.p.ProcessableProposalFactory - Unknown JDT proposal type 'class org.eclipse.jdt.internal.ui.text.javadoc.JavadocInlineTagCompletionProposal' ('{@code}'). Returning original proposal instead.
2015-09-28 00:39:34,405 [main] WARN  o.e.r.c.r.p.ProcessableProposalFactory - Unknown JDT proposal type 'class org.eclipse.jdt.internal.ui.text.javadoc.JavadocInlineTagCompletionProposal' ('{@literal}'). Returning original proposal instead.
2015-09-28 00:46:00,339 [main] WARN  o.e.r.c.r.p.ProcessableProposalFactory - Unknown JDT proposal type 'class org.eclipse.jdt.internal.ui.text.java.LazyJavaCompletionProposal' ('@see'). Returning original proposal instead.
2015-09-28 00:46:00,340 [main] WARN  o.e.r.c.r.p.ProcessableProposalFactory - Unknown JDT proposal type 'class org.eclipse.jdt.internal.ui.text.java.LazyJavaCompletionProposal' ('@serialData'). Returning original proposal instead.
2015-09-28 00:46:00,342 [main] WARN  o.e.r.c.r.p.ProcessableProposalFactory - Unknown JDT proposal type 'class org.eclipse.jdt.internal.ui.text.java.LazyJavaCompletionProposal' ('@return'). Returning original proposal instead.
2015-09-28 00:46:00,344 [main] WARN  o.e.r.c.r.p.ProcessableProposalFactory - Unknown JDT proposal type 'class org.eclipse.jdt.internal.ui.text.java.LazyJavaCompletionProposal' ('@throws'). Returning original proposal instead.
2015-09-28 00:46:00,345 [main] WARN  o.e.r.c.r.p.ProcessableProposalFactory - Unknown JDT proposal type 'class org.eclipse.jdt.internal.ui.text.javadoc.JavadocInlineTagCompletionProposal' ('{@link}'). Returning original proposal instead.
2015-09-28 00:46:00,346 [main] WARN  o.e.r.c.r.p.ProcessableProposalFactory - Unknown JDT proposal type 'class org.eclipse.jdt.internal.ui.text.javadoc.JavadocInlineTagCompletionProposal' ('{@docRoot}'). Returning original proposal instead.
2015-09-28 00:46:00,347 [main] WARN  o.e.r.c.r.p.ProcessableProposalFactory - Unknown JDT proposal type 'class org.eclipse.jdt.internal.ui.text.javadoc.JavadocInlineTagCompletionProposal' ('{@inheritDoc}'). Returning original proposal instead.
2015-09-28 00:46:00,347 [main] WARN  o.e.r.c.r.p.ProcessableProposalFactory - Unknown JDT proposal type 'class org.eclipse.jdt.internal.ui.text.javadoc.JavadocInlineTagCompletionProposal' ('{@code}'). Returning original proposal instead.
2015-09-28 00:46:00,348 [main] WARN  o.e.r.c.r.p.ProcessableProposalFactory - Unknown JDT proposal type 'class org.eclipse.jdt.internal.ui.text.javadoc.JavadocInlineTagCompletionProposal' ('{@value}'). Returning original proposal instead.
2015-09-28 00:46:00,349 [main] WARN  o.e.r.c.r.p.ProcessableProposalFactory - Unknown JDT proposal type 'class org.eclipse.jdt.internal.ui.text.java.LazyJavaCompletionProposal' ('@deprecated'). Returning original proposal instead.
2015-09-28 00:46:00,350 [main] WARN  o.e.r.c.r.p.ProcessableProposalFactory - Unknown JDT proposal type 'class org.eclipse.jdt.internal.ui.text.java.LazyJavaCompletionProposal' ('@exception'). Returning original proposal instead.
2015-09-28 00:46:00,351 [main] WARN  o.e.r.c.r.p.ProcessableProposalFactory - Unknown JDT proposal type 'class org.eclipse.jdt.internal.ui.text.javadoc.JavadocInlineTagCompletionProposal' ('{@literal}'). Returning original proposal instead.
2015-09-28 00:46:00,352 [main] WARN  o.e.r.c.r.p.ProcessableProposalFactory - Unknown JDT proposal type 'class org.eclipse.jdt.internal.ui.text.java.LazyJavaCompletionProposal' ('@param'). Returning original proposal instead.
2015-09-28 00:46:00,353 [main] WARN  o.e.r.c.r.p.ProcessableProposalFactory - Unknown JDT proposal type 'class org.eclipse.jdt.internal.ui.text.java.LazyJavaCompletionProposal' ('@category'). Returning original proposal instead.
2015-09-28 00:46:00,354 [main] WARN  o.e.r.c.r.p.ProcessableProposalFactory - Unknown JDT proposal type 'class org.eclipse.jdt.internal.ui.text.java.LazyJavaCompletionProposal' ('@since'). Returning original proposal instead.
2015-09-28 00:46:00,355 [main] WARN  o.e.r.c.r.p.ProcessableProposalFactory - Unknown JDT proposal type 'class org.eclipse.jdt.internal.ui.text.javadoc.JavadocInlineTagCompletionProposal' ('{@linkplain}'). Returning original proposal instead.
2015-09-28 20:27:03,800 [main] WARN  o.e.r.c.r.p.ProcessableProposalFactory - Unknown JDT proposal type 'class org.eclipse.jdt.internal.ui.text.java.LazyJavaCompletionProposal' ('@see'). Returning original proposal instead.
2015-09-28 20:27:03,819 [main] WARN  o.e.r.c.r.p.ProcessableProposalFactory - Unknown JDT proposal type 'class org.eclipse.jdt.internal.ui.text.javadoc.JavadocInlineTagCompletionProposal' ('{@literal}'). Returning original proposal instead.
2015-09-28 20:27:03,820 [main] WARN  o.e.r.c.r.p.ProcessableProposalFactory - Unknown JDT proposal type 'class org.eclipse.jdt.internal.ui.text.javadoc.JavadocInlineTagCompletionProposal' ('{@link}'). Returning original proposal instead.
2015-09-28 20:27:03,821 [main] WARN  o.e.r.c.r.p.ProcessableProposalFactory - Unknown JDT proposal type 'class org.eclipse.jdt.internal.ui.text.java.LazyJavaCompletionProposal' ('@since'). Returning original proposal instead.
2015-09-28 20:27:03,822 [main] WARN  o.e.r.c.r.p.ProcessableProposalFactory - Unknown JDT proposal type 'class org.eclipse.jdt.internal.ui.text.javadoc.JavadocInlineTagCompletionProposal' ('{@code}'). Returning original proposal instead.
2015-09-28 20:27:03,823 [main] WARN  o.e.r.c.r.p.ProcessableProposalFactory - Unknown JDT proposal type 'class org.eclipse.jdt.internal.ui.text.java.LazyJavaCompletionProposal' ('@throws'). Returning original proposal instead.
2015-09-28 20:27:03,824 [main] WARN  o.e.r.c.r.p.ProcessableProposalFactory - Unknown JDT proposal type 'class org.eclipse.jdt.internal.ui.text.java.LazyJavaCompletionProposal' ('@category'). Returning original proposal instead.
2015-09-28 20:27:03,825 [main] WARN  o.e.r.c.r.p.ProcessableProposalFactory - Unknown JDT proposal type 'class org.eclipse.jdt.internal.ui.text.java.LazyJavaCompletionProposal' ('@serialData'). Returning original proposal instead.
2015-09-28 20:27:03,826 [main] WARN  o.e.r.c.r.p.ProcessableProposalFactory - Unknown JDT proposal type 'class org.eclipse.jdt.internal.ui.text.javadoc.JavadocInlineTagCompletionProposal' ('{@value}'). Returning original proposal instead.
2015-09-28 20:27:03,827 [main] WARN  o.e.r.c.r.p.ProcessableProposalFactory - Unknown JDT proposal type 'class org.eclipse.jdt.internal.ui.text.java.LazyJavaCompletionProposal' ('@deprecated'). Returning original proposal instead.
2015-09-28 20:27:03,828 [main] WARN  o.e.r.c.r.p.ProcessableProposalFactory - Unknown JDT proposal type 'class org.eclipse.jdt.internal.ui.text.java.LazyJavaCompletionProposal' ('@exception'). Returning original proposal instead.
2015-09-28 20:27:03,829 [main] WARN  o.e.r.c.r.p.ProcessableProposalFactory - Unknown JDT proposal type 'class org.eclipse.jdt.internal.ui.text.javadoc.JavadocInlineTagCompletionProposal' ('{@docRoot}'). Returning original proposal instead.
2015-09-28 20:27:03,830 [main] WARN  o.e.r.c.r.p.ProcessableProposalFactory - Unknown JDT proposal type 'class org.eclipse.jdt.internal.ui.text.java.LazyJavaCompletionProposal' ('@param'). Returning original proposal instead.
2015-09-28 20:27:03,831 [main] WARN  o.e.r.c.r.p.ProcessableProposalFactory - Unknown JDT proposal type 'class org.eclipse.jdt.internal.ui.text.java.LazyJavaCompletionProposal' ('@return'). Returning original proposal instead.
2015-09-28 20:27:03,833 [main] WARN  o.e.r.c.r.p.ProcessableProposalFactory - Unknown JDT proposal type 'class org.eclipse.jdt.internal.ui.text.javadoc.JavadocInlineTagCompletionProposal' ('{@inheritDoc}'). Returning original proposal instead.
2015-09-28 20:27:03,834 [main] WARN  o.e.r.c.r.p.ProcessableProposalFactory - Unknown JDT proposal type 'class org.eclipse.jdt.internal.ui.text.javadoc.JavadocInlineTagCompletionProposal' ('{@linkplain}'). Returning original proposal instead.
2015-09-28 20:28:12,323 [main] WARN  o.e.r.c.r.p.ProcessableProposalFactory - Unknown JDT proposal type 'class org.eclipse.jdt.internal.ui.text.javadoc.JavadocInlineTagCompletionProposal' ('{@docRoot}'). Returning original proposal instead.
2015-09-28 20:28:12,375 [main] WARN  o.e.r.c.r.p.ProcessableProposalFactory - Unknown JDT proposal type 'class org.eclipse.jdt.internal.ui.text.javadoc.JavadocInlineTagCompletionProposal' ('{@value}'). Returning original proposal instead.
2015-09-28 20:28:12,376 [main] WARN  o.e.r.c.r.p.ProcessableProposalFactory - Unknown JDT proposal type 'class org.eclipse.jdt.internal.ui.text.java.LazyJavaCompletionProposal' ('@param'). Returning original proposal instead.
2015-09-28 20:28:12,378 [main] WARN  o.e.r.c.r.p.ProcessableProposalFactory - Unknown JDT proposal type 'class org.eclipse.jdt.internal.ui.text.java.LazyJavaCompletionProposal' ('@deprecated'). Returning original proposal instead.
2015-09-28 20:28:12,379 [main] WARN  o.e.r.c.r.p.ProcessableProposalFactory - Unknown JDT proposal type 'class org.eclipse.jdt.internal.ui.text.java.LazyJavaCompletionProposal' ('@serialData'). Returning original proposal instead.
2015-09-28 20:28:12,380 [main] WARN  o.e.r.c.r.p.ProcessableProposalFactory - Unknown JDT proposal type 'class org.eclipse.jdt.internal.ui.text.javadoc.JavadocInlineTagCompletionProposal' ('{@code}'). Returning original proposal instead.
2015-09-28 20:28:12,381 [main] WARN  o.e.r.c.r.p.ProcessableProposalFactory - Unknown JDT proposal type 'class org.eclipse.jdt.internal.ui.text.java.LazyJavaCompletionProposal' ('@exception'). Returning original proposal instead.
2015-09-28 20:28:12,382 [main] WARN  o.e.r.c.r.p.ProcessableProposalFactory - Unknown JDT proposal type 'class org.eclipse.jdt.internal.ui.text.javadoc.JavadocInlineTagCompletionProposal' ('{@literal}'). Returning original proposal instead.
2015-09-28 20:28:12,383 [main] WARN  o.e.r.c.r.p.ProcessableProposalFactory - Unknown JDT proposal type 'class org.eclipse.jdt.internal.ui.text.java.LazyJavaCompletionProposal' ('@see'). Returning original proposal instead.
2015-09-28 20:28:12,384 [main] WARN  o.e.r.c.r.p.ProcessableProposalFactory - Unknown JDT proposal type 'class org.eclipse.jdt.internal.ui.text.javadoc.JavadocInlineTagCompletionProposal' ('{@inheritDoc}'). Returning original proposal instead.
2015-09-28 20:28:12,386 [main] WARN  o.e.r.c.r.p.ProcessableProposalFactory - Unknown JDT proposal type 'class org.eclipse.jdt.internal.ui.text.java.LazyJavaCompletionProposal' ('@since'). Returning original proposal instead.
2015-09-28 20:28:12,386 [main] WARN  o.e.r.c.r.p.ProcessableProposalFactory - Unknown JDT proposal type 'class org.eclipse.jdt.internal.ui.text.java.LazyJavaCompletionProposal' ('@return'). Returning original proposal instead.
2015-09-28 20:28:12,388 [main] WARN  o.e.r.c.r.p.ProcessableProposalFactory - Unknown JDT proposal type 'class org.eclipse.jdt.internal.ui.text.java.LazyJavaCompletionProposal' ('@throws'). Returning original proposal instead.
2015-09-28 20:28:12,395 [main] WARN  o.e.r.c.r.p.ProcessableProposalFactory - Unknown JDT proposal type 'class org.eclipse.jdt.internal.ui.text.javadoc.JavadocInlineTagCompletionProposal' ('{@linkplain}'). Returning original proposal instead.
2015-09-28 20:28:12,398 [main] WARN  o.e.r.c.r.p.ProcessableProposalFactory - Unknown JDT proposal type 'class org.eclipse.jdt.internal.ui.text.javadoc.JavadocInlineTagCompletionProposal' ('{@link}'). Returning original proposal instead.
2015-09-28 20:28:12,399 [main] WARN  o.e.r.c.r.p.ProcessableProposalFactory - Unknown JDT proposal type 'class org.eclipse.jdt.internal.ui.text.java.LazyJavaCompletionProposal' ('@category'). Returning original proposal instead.
2015-09-28 20:30:22,008 [main] WARN  o.e.r.c.r.p.ProcessableProposalFactory - Unknown JDT proposal type 'class org.eclipse.jdt.internal.ui.text.java.LazyJavaCompletionProposal' ('@throws'). Returning original proposal instead.
2015-09-28 20:30:22,009 [main] WARN  o.e.r.c.r.p.ProcessableProposalFactory - Unknown JDT proposal type 'class org.eclipse.jdt.internal.ui.text.javadoc.JavadocInlineTagCompletionProposal' ('{@docRoot}'). Returning original proposal instead.
2015-09-28 20:30:22,057 [main] WARN  o.e.r.c.r.p.ProcessableProposalFactory - Unknown JDT proposal type 'class org.eclipse.jdt.internal.ui.text.javadoc.JavadocInlineTagCompletionProposal' ('{@code}'). Returning original proposal instead.
2015-09-28 20:30:22,060 [main] WARN  o.e.r.c.r.p.ProcessableProposalFactory - Unknown JDT proposal type 'class org.eclipse.jdt.internal.ui.text.java.LazyJavaCompletionProposal' ('@param'). Returning original proposal instead.
2015-09-28 20:30:22,098 [main] WARN  o.e.r.c.r.p.ProcessableProposalFactory - Unknown JDT proposal type 'class org.eclipse.jdt.internal.ui.text.java.LazyJavaCompletionProposal' ('@exception'). Returning original proposal instead.
2015-09-28 20:30:22,099 [main] WARN  o.e.r.c.r.p.ProcessableProposalFactory - Unknown JDT proposal type 'class org.eclipse.jdt.internal.ui.text.java.LazyJavaCompletionProposal' ('@deprecated'). Returning original proposal instead.
2015-09-28 20:30:22,106 [main] WARN  o.e.r.c.r.p.ProcessableProposalFactory - Unknown JDT proposal type 'class org.eclipse.jdt.internal.ui.text.javadoc.JavadocInlineTagCompletionProposal' ('{@link}'). Returning original proposal instead.
2015-09-28 20:30:22,107 [main] WARN  o.e.r.c.r.p.ProcessableProposalFactory - Unknown JDT proposal type 'class org.eclipse.jdt.internal.ui.text.java.LazyJavaCompletionProposal' ('@see'). Returning original proposal instead.
2015-09-28 20:30:22,108 [main] WARN  o.e.r.c.r.p.ProcessableProposalFactory - Unknown JDT proposal type 'class org.eclipse.jdt.internal.ui.text.java.LazyJavaCompletionProposal' ('@category'). Returning original proposal instead.
2015-09-28 20:30:22,109 [main] WARN  o.e.r.c.r.p.ProcessableProposalFactory - Unknown JDT proposal type 'class org.eclipse.jdt.internal.ui.text.java.LazyJavaCompletionProposal' ('@since'). Returning original proposal instead.
2015-09-28 20:30:22,112 [main] WARN  o.e.r.c.r.p.ProcessableProposalFactory - Unknown JDT proposal type 'class org.eclipse.jdt.internal.ui.text.java.LazyJavaCompletionProposal' ('@serialData'). Returning original proposal instead.
2015-09-28 20:30:22,113 [main] WARN  o.e.r.c.r.p.ProcessableProposalFactory - Unknown JDT proposal type 'class org.eclipse.jdt.internal.ui.text.javadoc.JavadocInlineTagCompletionProposal' ('{@inheritDoc}'). Returning original proposal instead.
2015-09-28 20:30:22,119 [main] WARN  o.e.r.c.r.p.ProcessableProposalFactory - Unknown JDT proposal type 'class org.eclipse.jdt.internal.ui.text.javadoc.JavadocInlineTagCompletionProposal' ('{@linkplain}'). Returning original proposal instead.
2015-09-28 20:30:22,120 [main] WARN  o.e.r.c.r.p.ProcessableProposalFactory - Unknown JDT proposal type 'class org.eclipse.jdt.internal.ui.text.javadoc.JavadocInlineTagCompletionProposal' ('{@value}'). Returning original proposal instead.
2015-09-28 20:30:22,127 [main] WARN  o.e.r.c.r.p.ProcessableProposalFactory - Unknown JDT proposal type 'class org.eclipse.jdt.internal.ui.text.javadoc.JavadocInlineTagCompletionProposal' ('{@literal}'). Returning original proposal instead.
2015-09-28 20:30:22,129 [main] WARN  o.e.r.c.r.p.ProcessableProposalFactory - Unknown JDT proposal type 'class org.eclipse.jdt.internal.ui.text.java.LazyJavaCompletionProposal' ('@return'). Returning original proposal instead.
2015-10-01 12:20:15,812 [Start Help Server] INFO  org.eclipse.jetty.server.Server - jetty-8.1.16.v20140903
2015-10-01 12:20:15,889 [Start Help Server] INFO  o.e.jetty.server.AbstractConnector - Started SelectChannelConnector@127.0.0.1:60543
2015-10-01 12:22:57,889 [Stop Help Server] INFO  o.e.j.server.handler.ContextHandler - stopped o.e.j.s.ServletContextHandler{/help,null}
2015-10-07 12:30:44,921 [main] WARN  o.e.r.c.r.p.ProcessableProposalFactory - Unknown JDT proposal type 'class org.eclipse.jdt.internal.ui.text.java.LazyJavaCompletionProposal' ('@return'). Returning original proposal instead.
2015-10-07 12:30:44,942 [main] WARN  o.e.r.c.r.p.ProcessableProposalFactory - Unknown JDT proposal type 'class org.eclipse.jdt.internal.ui.text.java.LazyJavaCompletionProposal' ('@since'). Returning original proposal instead.
2015-10-07 12:30:44,943 [main] WARN  o.e.r.c.r.p.ProcessableProposalFactory - Unknown JDT proposal type 'class org.eclipse.jdt.internal.ui.text.java.LazyJavaCompletionProposal' ('@serialData'). Returning original proposal instead.
2015-10-07 12:30:44,944 [main] WARN  o.e.r.c.r.p.ProcessableProposalFactory - Unknown JDT proposal type 'class org.eclipse.jdt.internal.ui.text.javadoc.JavadocInlineTagCompletionProposal' ('{@docRoot}'). Returning original proposal instead.
2015-10-07 12:30:44,945 [main] WARN  o.e.r.c.r.p.ProcessableProposalFactory - Unknown JDT proposal type 'class org.eclipse.jdt.internal.ui.text.javadoc.JavadocInlineTagCompletionProposal' ('{@inheritDoc}'). Returning original proposal instead.
2015-10-07 12:30:44,946 [main] WARN  o.e.r.c.r.p.ProcessableProposalFactory - Unknown JDT proposal type 'class org.eclipse.jdt.internal.ui.text.javadoc.JavadocInlineTagCompletionProposal' ('{@code}'). Returning original proposal instead.
2015-10-07 12:30:44,948 [main] WARN  o.e.r.c.r.p.ProcessableProposalFactory - Unknown JDT proposal type 'class org.eclipse.jdt.internal.ui.text.java.LazyJavaCompletionProposal' ('@deprecated'). Returning original proposal instead.
2015-10-07 12:30:44,949 [main] WARN  o.e.r.c.r.p.ProcessableProposalFactory - Unknown JDT proposal type 'class org.eclipse.jdt.internal.ui.text.javadoc.JavadocInlineTagCompletionProposal' ('{@linkplain}'). Returning original proposal instead.
2015-10-07 12:30:44,950 [main] WARN  o.e.r.c.r.p.ProcessableProposalFactory - Unknown JDT proposal type 'class org.eclipse.jdt.internal.ui.text.javadoc.JavadocInlineTagCompletionProposal' ('{@link}'). Returning original proposal instead.
2015-10-07 12:30:44,951 [main] WARN  o.e.r.c.r.p.ProcessableProposalFactory - Unknown JDT proposal type 'class org.eclipse.jdt.internal.ui.text.java.LazyJavaCompletionProposal' ('@see'). Returning original proposal instead.
2015-10-07 12:30:44,952 [main] WARN  o.e.r.c.r.p.ProcessableProposalFactory - Unknown JDT proposal type 'class org.eclipse.jdt.internal.ui.text.java.LazyJavaCompletionProposal' ('@exception'). Returning original proposal instead.
2015-10-07 12:30:44,953 [main] WARN  o.e.r.c.r.p.ProcessableProposalFactory - Unknown JDT proposal type 'class org.eclipse.jdt.internal.ui.text.java.LazyJavaCompletionProposal' ('@category'). Returning original proposal instead.
2015-10-07 12:30:44,954 [main] WARN  o.e.r.c.r.p.ProcessableProposalFactory - Unknown JDT proposal type 'class org.eclipse.jdt.internal.ui.text.java.LazyJavaCompletionProposal' ('@param'). Returning original proposal instead.
2015-10-07 12:30:44,955 [main] WARN  o.e.r.c.r.p.ProcessableProposalFactory - Unknown JDT proposal type 'class org.eclipse.jdt.internal.ui.text.java.LazyJavaCompletionProposal' ('@throws'). Returning original proposal instead.
2015-10-07 12:30:44,956 [main] WARN  o.e.r.c.r.p.ProcessableProposalFactory - Unknown JDT proposal type 'class org.eclipse.jdt.internal.ui.text.javadoc.JavadocInlineTagCompletionProposal' ('{@value}'). Returning original proposal instead.
2015-10-07 12:30:44,957 [main] WARN  o.e.r.c.r.p.ProcessableProposalFactory - Unknown JDT proposal type 'class org.eclipse.jdt.internal.ui.text.javadoc.JavadocInlineTagCompletionProposal' ('{@literal}'). Returning original proposal instead.
2015-10-07 12:30:52,684 [main] WARN  o.e.r.c.r.p.ProcessableProposalFactory - Unknown JDT proposal type 'class org.eclipse.jdt.internal.ui.text.javadoc.JavadocInlineTagCompletionProposal' ('{@value}'). Returning original proposal instead.
2015-10-07 12:30:52,686 [main] WARN  o.e.r.c.r.p.ProcessableProposalFactory - Unknown JDT proposal type 'class org.eclipse.jdt.internal.ui.text.java.LazyJavaCompletionProposal' ('@deprecated'). Returning original proposal instead.
2015-10-07 12:30:52,688 [main] WARN  o.e.r.c.r.p.ProcessableProposalFactory - Unknown JDT proposal type 'class org.eclipse.jdt.internal.ui.text.java.LazyJavaCompletionProposal' ('@return'). Returning original proposal instead.
2015-10-07 12:30:52,689 [main] WARN  o.e.r.c.r.p.ProcessableProposalFactory - Unknown JDT proposal type 'class org.eclipse.jdt.internal.ui.text.java.LazyJavaCompletionProposal' ('@category'). Returning original proposal instead.
2015-10-07 12:30:52,690 [main] WARN  o.e.r.c.r.p.ProcessableProposalFactory - Unknown JDT proposal type 'class org.eclipse.jdt.internal.ui.text.javadoc.JavadocInlineTagCompletionProposal' ('{@literal}'). Returning original proposal instead.
2015-10-07 12:30:52,691 [main] WARN  o.e.r.c.r.p.ProcessableProposalFactory - Unknown JDT proposal type 'class org.eclipse.jdt.internal.ui.text.javadoc.JavadocInlineTagCompletionProposal' ('{@code}'). Returning original proposal instead.
2015-10-07 12:30:52,692 [main] WARN  o.e.r.c.r.p.ProcessableProposalFactory - Unknown JDT proposal type 'class org.eclipse.jdt.internal.ui.text.javadoc.JavadocInlineTagCompletionProposal' ('{@inheritDoc}'). Returning original proposal instead.
2015-10-07 12:30:52,693 [main] WARN  o.e.r.c.r.p.ProcessableProposalFactory - Unknown JDT proposal type 'class org.eclipse.jdt.internal.ui.text.java.LazyJavaCompletionProposal' ('@throws'). Returning original proposal instead.
2015-10-07 12:30:52,694 [main] WARN  o.e.r.c.r.p.ProcessableProposalFactory - Unknown JDT proposal type 'class org.eclipse.jdt.internal.ui.text.javadoc.JavadocInlineTagCompletionProposal' ('{@docRoot}'). Returning original proposal instead.
2015-10-07 12:30:52,695 [main] WARN  o.e.r.c.r.p.ProcessableProposalFactory - Unknown JDT proposal type 'class org.eclipse.jdt.internal.ui.text.java.LazyJavaCompletionProposal' ('@since'). Returning original proposal instead.
2015-10-07 12:30:52,696 [main] WARN  o.e.r.c.r.p.ProcessableProposalFactory - Unknown JDT proposal type 'class org.eclipse.jdt.internal.ui.text.java.LazyJavaCompletionProposal' ('@see'). Returning original proposal instead.
2015-10-07 12:30:52,697 [main] WARN  o.e.r.c.r.p.ProcessableProposalFactory - Unknown JDT proposal type 'class org.eclipse.jdt.internal.ui.text.java.LazyJavaCompletionProposal' ('@serialData'). Returning original proposal instead.
2015-10-07 12:30:52,698 [main] WARN  o.e.r.c.r.p.ProcessableProposalFactory - Unknown JDT proposal type 'class org.eclipse.jdt.internal.ui.text.javadoc.JavadocInlineTagCompletionProposal' ('{@link}'). Returning original proposal instead.
2015-10-07 12:30:52,699 [main] WARN  o.e.r.c.r.p.ProcessableProposalFactory - Unknown JDT proposal type 'class org.eclipse.jdt.internal.ui.text.javadoc.JavadocInlineTagCompletionProposal' ('{@linkplain}'). Returning original proposal instead.
2015-10-07 12:30:52,700 [main] WARN  o.e.r.c.r.p.ProcessableProposalFactory - Unknown JDT proposal type 'class org.eclipse.jdt.internal.ui.text.java.LazyJavaCompletionProposal' ('@exception'). Returning original proposal instead.
2015-10-07 12:30:52,701 [main] WARN  o.e.r.c.r.p.ProcessableProposalFactory - Unknown JDT proposal type 'class org.eclipse.jdt.internal.ui.text.java.LazyJavaCompletionProposal' ('@param'). Returning original proposal instead.
2015-10-14 12:54:00,158 [main] WARN  o.e.r.c.r.p.ProcessableProposalFactory - Unknown JDT proposal type 'class org.eclipse.jdt.internal.ui.text.java.LazyJavaCompletionProposal' ('@return'). Returning original proposal instead.
2015-10-14 12:54:00,196 [main] WARN  o.e.r.c.r.p.ProcessableProposalFactory - Unknown JDT proposal type 'class org.eclipse.jdt.internal.ui.text.java.LazyJavaCompletionProposal' ('@throws'). Returning original proposal instead.
2015-10-14 12:54:00,197 [main] WARN  o.e.r.c.r.p.ProcessableProposalFactory - Unknown JDT proposal type 'class org.eclipse.jdt.internal.ui.text.java.LazyJavaCompletionProposal' ('@category'). Returning original proposal instead.
2015-10-14 12:54:00,198 [main] WARN  o.e.r.c.r.p.ProcessableProposalFactory - Unknown JDT proposal type 'class org.eclipse.jdt.internal.ui.text.javadoc.JavadocInlineTagCompletionProposal' ('{@code}'). Returning original proposal instead.
2015-10-14 12:54:00,200 [main] WARN  o.e.r.c.r.p.ProcessableProposalFactory - Unknown JDT proposal type 'class org.eclipse.jdt.internal.ui.text.javadoc.JavadocInlineTagCompletionProposal' ('{@value}'). Returning original proposal instead.
2015-10-14 12:54:00,201 [main] WARN  o.e.r.c.r.p.ProcessableProposalFactory - Unknown JDT proposal type 'class org.eclipse.jdt.internal.ui.text.java.LazyJavaCompletionProposal' ('@serialData'). Returning original proposal instead.
2015-10-14 12:54:00,203 [main] WARN  o.e.r.c.r.p.ProcessableProposalFactory - Unknown JDT proposal type 'class org.eclipse.jdt.internal.ui.text.javadoc.JavadocInlineTagCompletionProposal' ('{@link}'). Returning original proposal instead.
2015-10-14 12:54:00,203 [main] WARN  o.e.r.c.r.p.ProcessableProposalFactory - Unknown JDT proposal type 'class org.eclipse.jdt.internal.ui.text.java.LazyJavaCompletionProposal' ('@deprecated'). Returning original proposal instead.
2015-10-14 12:54:00,205 [main] WARN  o.e.r.c.r.p.ProcessableProposalFactory - Unknown JDT proposal type 'class org.eclipse.jdt.internal.ui.text.java.LazyJavaCompletionProposal' ('@exception'). Returning original proposal instead.
2015-10-14 12:54:00,206 [main] WARN  o.e.r.c.r.p.ProcessableProposalFactory - Unknown JDT proposal type 'class org.eclipse.jdt.internal.ui.text.java.LazyJavaCompletionProposal' ('@see'). Returning original proposal instead.
2015-10-14 12:54:00,207 [main] WARN  o.e.r.c.r.p.ProcessableProposalFactory - Unknown JDT proposal type 'class org.eclipse.jdt.internal.ui.text.javadoc.JavadocInlineTagCompletionProposal' ('{@docRoot}'). Returning original proposal instead.
2015-10-14 12:54:00,208 [main] WARN  o.e.r.c.r.p.ProcessableProposalFactory - Unknown JDT proposal type 'class org.eclipse.jdt.internal.ui.text.java.LazyJavaCompletionProposal' ('@since'). Returning original proposal instead.
2015-10-14 12:54:00,209 [main] WARN  o.e.r.c.r.p.ProcessableProposalFactory - Unknown JDT proposal type 'class org.eclipse.jdt.internal.ui.text.javadoc.JavadocInlineTagCompletionProposal' ('{@inheritDoc}'). Returning original proposal instead.
2015-10-14 12:54:00,210 [main] WARN  o.e.r.c.r.p.ProcessableProposalFactory - Unknown JDT proposal type 'class org.eclipse.jdt.internal.ui.text.javadoc.JavadocInlineTagCompletionProposal' ('{@linkplain}'). Returning original proposal instead.
2015-10-14 12:54:00,212 [main] WARN  o.e.r.c.r.p.ProcessableProposalFactory - Unknown JDT proposal type 'class org.eclipse.jdt.internal.ui.text.javadoc.JavadocInlineTagCompletionProposal' ('{@literal}'). Returning original proposal instead.
2015-10-14 12:54:00,213 [main] WARN  o.e.r.c.r.p.ProcessableProposalFactory - Unknown JDT proposal type 'class org.eclipse.jdt.internal.ui.text.java.LazyJavaCompletionProposal' ('@param'). Returning original proposal instead.
